Arguments: 
  /usr/local/bin/node /usr/local/bin/yarn publish

PATH: 
  /home/shaon/.local/bin:/usr/local/sbin:/usr/local/bin:/usr/sbin:/usr/bin:/sbin:/bin:/usr/games:/usr/local/games:/snap/bin

Yarn version: 
  1.22.19

Node version: 
  18.10.0

Platform: 
  linux x64

Trace: 
  Error: canceled
      at Interface.<anonymous> (/usr/local/lib/node_modules/yarn/lib/cli.js:137150:13)
      at Interface.emit (node:events:513:28)
      at [_ttyWrite] [as _ttyWrite] (node:internal/readline/interface:1124:18)
      at ReadStream.onkeypress (node:internal/readline/interface:273:20)
      at ReadStream.emit (node:events:513:28)
      at emitKeys (node:internal/readline/utils:357:14)
      at emitKeys.next (<anonymous>)
      at ReadStream.onData (node:internal/readline/emitKeypressEvents:64:36)
      at ReadStream.emit (node:events:513:28)
      at addChunk (node:internal/streams/readable:324:12)

npm manifest: 
  {
    "name": "image-gallery-uploader",
    "version": "1.0.2",
    "description": "Image Gallery can view, upload and update your image file.",
    "main": "ImageGalleryUploader.js",
    "repository": "https://github.com/ShaonMajumder/convert-form-data.git",
    "author": "Shaon Majumder <smazoomder@gmail.com>",
    "license": "MIT",
    "private": false,
    "presets": [
      "@babel/preset-react"
    ],
    "keywords": [
      "image",
      "gallery",
      "viewer",
      "uploader"
    ],
    "homepage": "https://my-new-project-website.com"
  }

yarn manifest: 
  No manifest

Lockfile: 
  No lockfile
